<?xml version="1.0" encoding="UTF-8"?>
<!-- Generated by org.testng.reporters.JUnitXMLReporter -->
<testsuite ignored="0" hostname="DESKTOP-2MKUE3A" failures="1" tests="1" name="Surefire test" time="21.03" errors="0" timestamp="27 Oct 2022 20:43:51 GMT">
  <testcase classname="tests.AppTest" name="validateMovieName" time="15.635">
    <failure type="java.lang.AssertionError" message="Lists differ at element [0]: December 17, 2021 (India) != 17 December 2021 expected [December 17, 2021 (India)] but found [17 December 2021]">
      <![CDATA[java.lang.AssertionError: Lists differ at element [0]: December 17, 2021 (India) != 17 December 2021 expected [December 17, 2021 (India)] but found [17 December 2021]
at tests.AppTest.validateMovieName(AppTest.java:35)
... Removed 35 stack frames]]>
    </failure>
  </testcase> <!-- validateMovieName -->
</testsuite> <!-- Surefire test -->
