<?xml version="1.0" encoding="UTF-8"?>
<testsuite xmlns:xsi="http://www.w3.org/2001/XMLSchema-instance" xsi:noNamespaceSchemaLocation="https://maven.apache.org/surefire/maven-surefire-plugin/xsd/surefire-test-report.xsd" name="tests.AppTest" time="21.856" tests="1" errors="0" skipped="0" failures="1">
  <properties>
[...]
</properties>
  <testcase name="validateMovieName" classname="tests.AppTest" time="15.642">
    <failure message="Lists differ at element [0]: December 17, 2021 (India) != 17 December 2021 expected [December 17, 2021 (India)] but found [17 December 2021]" type="java.lang.AssertionError">java.lang.AssertionError: Lists differ at element [0]: December 17, 2021 (India) != 17 December 2021 expected [December 17, 2021 (India)] but found [17 December 2021]
	at tests.AppTest.validateMovieName(AppTest.java:35)
</failure>
    <system-err><![CDATA[SLF4J: Failed to load class "org.slf4j.impl.StaticLoggerBinder".
SLF4J: Defaulting to no-operation (NOP) logger implementation
SLF4J: See http://www.slf4j.org/codes.html#StaticLoggerBinder for further details.
Starting ChromeDriver 106.0.5249.61 (511755355844955cd3e264779baf0dd38212a4d0-refs/branch-heads/5249@{#569}) on port 58465
Only local connections are allowed.
Please see https://chromedriver.chromium.org/security-considerations for suggestions on keeping ChromeDriver safe.
ChromeDriver was started successfully.
Oct 28, 2022 2:13:35 AM org.openqa.selenium.remote.ProtocolHandshake createSession
INFO: Detected upstream dialect: W3C
Oct 28, 2022 2:13:35 AM org.openqa.selenium.devtools.CdpVersionFinder findNearestMatch
WARNING: Unable to find an exact match for CDP version 106, so returning the closest version found: 103
Oct 28, 2022 2:13:35 AM org.openqa.selenium.devtools.CdpVersionFinder findNearestMatch
INFO: Found CDP implementation for version 106 of 103
]]></system-err>
  </testcase>
</testsuite>